<?xml version="1.0" encoding="UTF-8"?>
<!-- Generated by org.testng.reporters.JUnitReportReporter -->
<testsuite hostname="Supriyas-Air" failures="0" tests="1" name="ProjectKickOff.Project1.Day1" time="2.399" errors="0" timestamp="05 Dec 2018 22:46:51 GMT" skipped="0">
  <testcase classname="ProjectKickOff.Project1.Day1" name="loginCheck" time="2.399"/>
</testsuite> <!-- ProjectKickOff.Project1.Day1 -->
