<?xml version="1.0" encoding="UTF-8"?>
<!-- Generated by org.testng.reporters.JUnitReportReporter -->
<testsuite hostname="Supriyas-Air" failures="0" tests="1" name="stest.test1.stassignment1" time="7.723" errors="0" timestamp="19 Nov 2018 01:05:42 GMT" skipped="0">
  <testcase classname="stest.test1.stassignment1" name="f" time="7.723"/>
</testsuite> <!-- stest.test1.stassignment1 -->
