<?xml version="1.0" encoding="UTF-8"?>
<!-- Generated by org.testng.reporters.JUnitReportReporter -->
<testsuite hostname="Supriyas-Air" failures="0" tests="1" name="GuruLogin" time="2.187" errors="0" timestamp="04 Dec 2018 15:36:50 GMT" skipped="0">
  <testcase classname="GuruLogin" name="f" time="2.187"/>
</testsuite> <!-- GuruLogin -->
