<?xml version="1.0" encoding="UTF-8"?>
<!-- Generated by org.testng.reporters.JUnitReportReporter -->
<testsuite hostname="Supriyas-Air" failures="0" tests="1" name="stestcheck.check1.checktest1" time="7.434" errors="0" timestamp="19 Nov 2018 01:26:00 GMT" skipped="0">
  <testcase classname="stestcheck.check1.checktest1" name="f" time="7.434"/>
</testsuite> <!-- stestcheck.check1.checktest1 -->
