<?xml version="1.0" encoding="UTF-8"?>
<!-- Generated by org.testng.reporters.JUnitReportReporter -->
<testsuite hostname="Supriyas-Air" failures="0" tests="1" name="Samples.Sample1.AppTest" time="0.009" errors="0" timestamp="19 Nov 2018 00:40:19 GMT" skipped="0">
  <testcase classname="Samples.Sample1.AppTest" name="testApp" time="0.009"/>
</testsuite> <!-- Samples.Sample1.AppTest -->
